Generated at 2017-04-06 19:29:53 +0100
Net::HTTPFatalError: 500 "Internal Server Error"
/opt/chefdk/embedded/lib/ruby/2.3.0/net/http/response.rb:120:in `error!'
/opt/chefdk/embedded/lib/ruby/gems/2.3.0/gems/chef-12.18.31/lib/chef/http.rb:150:in `request'
/opt/chefdk/embedded/lib/ruby/gems/2.3.0/gems/chef-12.18.31/lib/chef/http.rb:131:in `post'
/opt/chefdk/embedded/lib/ruby/gems/2.3.0/gems/chef-12.18.31/lib/chef/node.rb:616:in `create'
/opt/chefdk/embedded/lib/ruby/gems/2.3.0/gems/chef-12.18.31/lib/chef/node.rb:569:in `rescue in find_or_create'
/opt/chefdk/embedded/lib/ruby/gems/2.3.0/gems/chef-12.18.31/lib/chef/node.rb:565:in `find_or_create'
/opt/chefdk/embedded/lib/ruby/gems/2.3.0/gems/chef-12.18.31/lib/chef/policy_builder/dynamic.rb:72:in `load_node'
/opt/chefdk/embedded/lib/ruby/gems/2.3.0/gems/chef-12.18.31/lib/chef/client.rb:468:in `load_node'
/opt/chefdk/embedded/lib/ruby/gems/2.3.0/gems/chef-12.18.31/lib/chef/client.rb:270:in `run'
/opt/chefdk/embedded/lib/ruby/gems/2.3.0/gems/chef-12.18.31/lib/chef/application.rb:295:in `block in fork_chef_client'
/opt/chefdk/embedded/lib/ruby/gems/2.3.0/gems/chef-12.18.31/lib/chef/application.rb:283:in `fork'
/opt/chefdk/embedded/lib/ruby/gems/2.3.0/gems/chef-12.18.31/lib/chef/application.rb:283:in `fork_chef_client'
/opt/chefdk/embedded/lib/ruby/gems/2.3.0/gems/chef-12.18.31/lib/chef/application.rb:248:in `block in run_chef_client'
/opt/chefdk/embedded/lib/ruby/gems/2.3.0/gems/chef-12.18.31/lib/chef/local_mode.rb:44:in `with_server_connectivity'
/opt/chefdk/embedded/lib/ruby/gems/2.3.0/gems/chef-12.18.31/lib/chef/application.rb:236:in `run_chef_client'
/opt/chefdk/embedded/lib/ruby/gems/2.3.0/gems/chef-12.18.31/lib/chef/application/client.rb:464:in `sleep_then_run_chef_client'
/opt/chefdk/embedded/lib/ruby/gems/2.3.0/gems/chef-12.18.31/lib/chef/application/client.rb:451:in `block in interval_run_chef_client'
/opt/chefdk/embedded/lib/ruby/gems/2.3.0/gems/chef-12.18.31/lib/chef/application/client.rb:450:in `loop'
/opt/chefdk/embedded/lib/ruby/gems/2.3.0/gems/chef-12.18.31/lib/chef/application/client.rb:450:in `interval_run_chef_client'
/opt/chefdk/embedded/lib/ruby/gems/2.3.0/gems/chef-12.18.31/lib/chef/application/client.rb:434:in `run_application'
/opt/chefdk/embedded/lib/ruby/gems/2.3.0/gems/chef-12.18.31/lib/chef/application.rb:59:in `run'
/opt/chefdk/embedded/lib/ruby/gems/2.3.0/gems/chef-12.18.31/lib/chef/application/solo.rb:226:in `run'
/opt/chefdk/embedded/lib/ruby/gems/2.3.0/gems/chef-12.18.31/bin/chef-solo:25:in `<top (required)>'
/usr/bin/chef-solo:57:in `load'
/usr/bin/chef-solo:57:in `<main>'

>>>> Caused by Net::HTTPServerException: 404 "Not Found"
/opt/chefdk/embedded/lib/ruby/2.3.0/net/http/response.rb:120:in `error!'
/opt/chefdk/embedded/lib/ruby/gems/2.3.0/gems/chef-12.18.31/lib/chef/http.rb:150:in `request'
/opt/chefdk/embedded/lib/ruby/gems/2.3.0/gems/chef-12.18.31/lib/chef/http.rb:115:in `get'
/opt/chefdk/embedded/lib/ruby/gems/2.3.0/gems/chef-12.18.31/lib/chef/node.rb:581:in `load'
/opt/chefdk/embedded/lib/ruby/gems/2.3.0/gems/chef-12.18.31/lib/chef/node.rb:565:in `find_or_create'
/opt/chefdk/embedded/lib/ruby/gems/2.3.0/gems/chef-12.18.31/lib/chef/policy_builder/dynamic.rb:72:in `load_node'
/opt/chefdk/embedded/lib/ruby/gems/2.3.0/gems/chef-12.18.31/lib/chef/client.rb:468:in `load_node'
/opt/chefdk/embedded/lib/ruby/gems/2.3.0/gems/chef-12.18.31/lib/chef/client.rb:270:in `run'
/opt/chefdk/embedded/lib/ruby/gems/2.3.0/gems/chef-12.18.31/lib/chef/application.rb:295:in `block in fork_chef_client'
/opt/chefdk/embedded/lib/ruby/gems/2.3.0/gems/chef-12.18.31/lib/chef/application.rb:283:in `fork'
/opt/chefdk/embedded/lib/ruby/gems/2.3.0/gems/chef-12.18.31/lib/chef/application.rb:283:in `fork_chef_client'
/opt/chefdk/embedded/lib/ruby/gems/2.3.0/gems/chef-12.18.31/lib/chef/application.rb:248:in `block in run_chef_client'
/opt/chefdk/embedded/lib/ruby/gems/2.3.0/gems/chef-12.18.31/lib/chef/local_mode.rb:44:in `with_server_connectivity'
/opt/chefdk/embedded/lib/ruby/gems/2.3.0/gems/chef-12.18.31/lib/chef/application.rb:236:in `run_chef_client'
/opt/chefdk/embedded/lib/ruby/gems/2.3.0/gems/chef-12.18.31/lib/chef/application/client.rb:464:in `sleep_then_run_chef_client'
/opt/chefdk/embedded/lib/ruby/gems/2.3.0/gems/chef-12.18.31/lib/chef/application/client.rb:451:in `block in interval_run_chef_client'
/opt/chefdk/embedded/lib/ruby/gems/2.3.0/gems/chef-12.18.31/lib/chef/application/client.rb:450:in `loop'
/opt/chefdk/embedded/lib/ruby/gems/2.3.0/gems/chef-12.18.31/lib/chef/application/client.rb:450:in `interval_run_chef_client'
/opt/chefdk/embedded/lib/ruby/gems/2.3.0/gems/chef-12.18.31/lib/chef/application/client.rb:434:in `run_application'
/opt/chefdk/embedded/lib/ruby/gems/2.3.0/gems/chef-12.18.31/lib/chef/application.rb:59:in `run'
/opt/chefdk/embedded/lib/ruby/gems/2.3.0/gems/chef-12.18.31/lib/chef/application/solo.rb:226:in `run'
/opt/chefdk/embedded/lib/ruby/gems/2.3.0/gems/chef-12.18.31/bin/chef-solo:25:in `<top (required)>'
/usr/bin/chef-solo:57:in `load'
/usr/bin/chef-solo:57:in `<main>'